2024-11-15 23:27:24,276 DEBUG    root            Loaded Command Group: ['gcloud', 'config']
2024-11-15 23:27:24,278 DEBUG    root            Loaded Command Group: ['gcloud', 'config', 'config_helper']
2024-11-15 23:27:24,280 DEBUG    root            Running [gcloud.config.config-helper] with arguments: [--format: "json", --min-expiry: "1800"]
2024-11-15 23:27:24,298 DEBUG    root            Chosen display Format:default json
2024-11-15 23:27:24,298 INFO     root            Display format: "default json"
2024-11-15 23:27:24,315 INFO     ___FILE_ONLY___ {
  "configuration": {
    "active_configuration": "default",
    "properties": {
      "compute": {
        "region": "us-central1"
      },
      "core": {
        "account": "647641981232-compute@developer.gserviceaccount.com",
        "disable_usage_reporting": "True",
        "project": "ancient-dna-project"
      },
      "dataproc": {
        "region": "us-central1"
      }
    }
  },
  "credential": {
    "access_token": "ya29.c.c0ASRK0GaehYI3g4RLU2wU07Lzr8k1p4PM2eRvt4dzV0l-SlRwtF0l-KGMAAr3CVu6TT6ohEhMPyTQ7rJyFgcqC7vZDfHH70QX8wycTpi9GRcZJ4wZzd-NicbjZY4GCgOnSZjq541Dkebml7IPcd0pD8ROMYoxan0LNn8okHKkhs25l4b5kBwhFFCMagYrFzKscwvIX3Jq7P2uPL2F8jUkPG8k6SNg7SqFazMw_iJCZsId7bkII_8gprA43Jj3ie2k6sOnNyy3qKb4vFuy6QIpqj_Z5cKq8p5tlzdZRiMm566ErdiAj3R-I_Xr_SedoyHVA4V8GO6yNClCA7-Twk4E7viZciakj9mvVkkQTrL9FxoGOAnLIKbgePUHHobxCk9kBBAUy1RKz2kPhvsno0uqPgT415KhhnpdJ866_pFueRy8S0wcMabMkFfYhp-sXevs7edruxinnX6wubjrxniffORgFsaz62rmuJiwvVQ_stXQS3ksQwJ_WcRwnmJI8xJUUp5F62n0SjoZ_z-0_t9gRt2lRoRh147kJtX9OFxvywwhUx5nir2JX_Ic1id2wrcbOMkbZiipIfnaaeBzhJydgwXVjXrrXpmjB2fme2ZfBnttMxcrr-_XFl-aWS0nZFbQ188oRiyOyaRFWObMZieu9gU-Vnl8eWhVZ0avku3zkJZYiQoRvvRRB99If9iRb0rg_9l8xX1Wdr9J5mzZovwe92g9Rq73OXRfOX3ipYzm_JWqOhdkcQY_2fQkh0Z4vOZQ8s27zda0IWrn2v6oOwMs_ZY_sUVd31tYlV67r5zwIvvw3iI4kM9v2IR-qrYeXkWY8VOi2sgvsX6w6cSM-e5utM3cO36SJx67i1zFpx-7s021-5IXsjsS4jfc4qyycn25FVvajaSlWQ11V1W0f8JYe1Y6xlFtexrjaJoInyeW-f6fg9mUY1b8ohQ8p7BYomkl4-QM0f-beaS_SWuYlQzcQZs3rU2XMcb7zUmSlq9qcvW96WnXlFZjtmh",
    "id_token": "eyJhbGciOiJSUzI1NiIsImtpZCI6IjFkYzBmMTcyZThkNmVmMzgyZDZkM2EyMzFmNmMxOTdkZDY4Y2U1ZWYiLCJ0eXAiOiJKV1QifQ.eyJhdWQiOiIzMjU1NTk0MDU1OS5hcHBzLmdvb2dsZXVzZXJjb250ZW50LmNvbSIsImF6cCI6IjExMjgyNDIxNzg2MjkxMDg4OTcwMCIsImV4cCI6MTczMTcxNjYzNCwiaWF0IjoxNzMxNzEzMDM0LCJpc3MiOiJodHRwczovL2FjY291bnRzLmdvb2dsZS5jb20iLCJzdWIiOiIxMTI4MjQyMTc4NjI5MTA4ODk3MDAifQ.aMoGinMf_d-02_oVr1gCgsgyQK8Gj_Js4JX2zbABmVJXPOPgi9aLM4_nkLiQ2bvWjGH-n0FtZ4ZcNhVK1hoOIdt8iEpL_pXKttYuSe-YkwtYoS9ulsnrbcl6eoMN-N0XcazHXf5kFaIv5bq6yTYp7cVHsDQl--uJPi7XoZQ2NLUaGsfv2YeLsW8Wr3uE_4uGYIcHpNJYQRKPhav9w9kZlYDARbMJ3l9V59TxIUjb-aBhFy_ey9s-i6LU2Y7_TgMHHgr6MMlrN-0ra7ftHpp2ikSwHkhsAAubL9bl9ZR2NzYLzDjW7yGFs_dmKkpnIOC8zunL3Z9XGvDZGDYry3YeTg",
    "token_expiry": "2024-11-16T00:23:53Z"
  },
  "sentinels": {
    "config_sentinel": "/home/jupyter/.config/gcloud/config_sentinel"
  }
}
2024-11-15 23:27:24,315 INFO     ___FILE_ONLY___ 

2024-11-15 23:27:24,316 DEBUG    root            SDK update checks are disabled.
