2024-11-16 00:06:33,842 DEBUG    root            Loaded Command Group: ['gcloud', 'config']
2024-11-16 00:06:33,844 DEBUG    root            Loaded Command Group: ['gcloud', 'config', 'config_helper']
2024-11-16 00:06:33,846 DEBUG    root            Running [gcloud.config.config-helper] with arguments: [--format: "json", --min-expiry: "1800"]
2024-11-16 00:06:33,863 DEBUG    root            Chosen display Format:default json
2024-11-16 00:06:33,863 INFO     root            Display format: "default json"
2024-11-16 00:06:33,879 INFO     ___FILE_ONLY___ {
  "configuration": {
    "active_configuration": "default",
    "properties": {
      "compute": {
        "region": "us-central1"
      },
      "core": {
        "account": "647641981232-compute@developer.gserviceaccount.com",
        "disable_usage_reporting": "True",
        "project": "ancient-dna-project"
      },
      "dataproc": {
        "region": "us-central1"
      }
    }
  },
  "credential": {
    "access_token": "ya29.c.c0ASRK0Gb-5j4pPrZmbxGLzbYbznuk9ERSxdBWZusziRD3Kjw0e72NbN-9wK3edfBDXoIQ-_uwmuaKqvuS5UPQ6ELej_a-CrFJYQSgOs5BTTyYSNWh1PDqkssYmtmLM2thDDY21NdQRb2qL8UzYELrkLlnaHok-F7CPBICDu4mTycnTNfe37wgaNbt6nE6b7L19psnt0Eyxac7fwLyWg1QHF1gwPCI7F_cOtpj5hRLGPYnXDATAjvQR99j-Jf4N2tCKyNRIkZzdVMvAat4a4e1144ojRMvsUDlhwaIkphvcOTHusa3cOWsJhx7p8ggncaDHVSKCgURRA8RIaV8MNw75K1mIq3-LZ5evwBzhX4qYYkLR0R1t36sqK3uunSVJZr_vRckOuHOHuU_jWZKJw0XhgT415CQeygztpVp-nw-aOmMxfYv39ptq8oQRhXB6Xvhe-twb0gSu7jVVX6rJrRgwklMqoXkviyweczZippgtxW0zQkr5WSkv0BJ70xV7yBsll3O4bdmjpnctoQXXfqvegozUinxf59dra9t0vxltdthklxmy10sr_nW7_a_amgO5sa5wvJwudaXxbSqMzanroirpt402qz8rpt_SuM0i6x611jpR1F1bBiUlUt5ajRF0-l5mOxmotdamWo8QQ-RYc1fdBMod5QBlxUJ1XOzpluVfjQZposUft5Sk-uezsydkx4Zlskw6qJqpF-SlR5jetq1rk48aw7fp0z022XzbQ7dlgtuhnciZB-5gd5bibWwaMFJewqdia4Xw3wV3x-wuk0-a6h7M5lJdY9Q36ty9MBIB5J8SW0slx_I-xljJwIQQvrFUQ2gih_fJzbut9xhsYe5Fugatr6yyt24dOw23UOvz4BMx5UZmfxF3o9uIelbwWF3M1xJ0ZSm-40rjVO9j0_6fX4IXdM9uU_eXa3Fh6tzleB7I3Qa431ev2e-FeefmF_IZ9r0IdIjU5OWlUzF7mtIhr9OQneSlgzRfIrkR4J-JZr9XU6dzId",
    "id_token": "eyJhbGciOiJSUzI1NiIsImtpZCI6IjFkYzBmMTcyZThkNmVmMzgyZDZkM2EyMzFmNmMxOTdkZDY4Y2U1ZWYiLCJ0eXAiOiJKV1QifQ.eyJhdWQiOiIzMjU1NTk0MDU1OS5hcHBzLmdvb2dsZXVzZXJjb250ZW50LmNvbSIsImF6cCI6IjExMjgyNDIxNzg2MjkxMDg4OTcwMCIsImV4cCI6MTczMTcxOTE4MCwiaWF0IjoxNzMxNzE1NTgwLCJpc3MiOiJodHRwczovL2FjY291bnRzLmdvb2dsZS5jb20iLCJzdWIiOiIxMTI4MjQyMTc4NjI5MTA4ODk3MDAifQ.pYg9dMX3goqQCA2Gv6Hgr1h76qia7WM3biRsBAm6bTenegYSuBjubt4quiSM3F1D1yrmYgbjD2NBa-BRU7sHhIopUnGcZaUQyVcH3dG_ys2shzloGE9-TTIfJwq6otwsiCIRB4FDKPksKX5pUEDFghkZn6Zkbf9UJXWLo0iRUzcdgmM9GBGHBvyjKu-pyDdmvn0yJpWZ-PrjFnsSyWUIIALyBjvi6NDXRsTijz9KTTTaJNa1wveqB4qQm1iqXLTl940YFAaZPkTJwX8WvGcIW9VqODTc0p0JaL0fGV2hA0qjKj5PY_4x06Y7akzmTlvzBprLKDDh8_LMY4unDX3iqw",
    "token_expiry": "2024-11-16T01:05:58Z"
  },
  "sentinels": {
    "config_sentinel": "/home/jupyter/.config/gcloud/config_sentinel"
  }
}
2024-11-16 00:06:33,879 INFO     ___FILE_ONLY___ 

2024-11-16 00:06:33,880 DEBUG    root            SDK update checks are disabled.
