2024-11-16 00:49:11,541 DEBUG    root            Loaded Command Group: ['gcloud', 'config']
2024-11-16 00:49:11,543 DEBUG    root            Loaded Command Group: ['gcloud', 'config', 'config_helper']
2024-11-16 00:49:11,545 DEBUG    root            Running [gcloud.config.config-helper] with arguments: [--format: "json", --min-expiry: "1800"]
2024-11-16 00:49:11,561 DEBUG    root            Chosen display Format:default json
2024-11-16 00:49:11,562 INFO     root            Display format: "default json"
2024-11-16 00:49:11,578 INFO     ___FILE_ONLY___ {
  "configuration": {
    "active_configuration": "default",
    "properties": {
      "compute": {
        "region": "us-central1"
      },
      "core": {
        "account": "647641981232-compute@developer.gserviceaccount.com",
        "disable_usage_reporting": "True",
        "project": "ancient-dna-project"
      },
      "dataproc": {
        "region": "us-central1"
      }
    }
  },
  "credential": {
    "access_token": "ya29.c.c0ASRK0GbnFGrdLojnlzZLO--vb7u4BvFZZz1deKc5TYHxZa2obkwmjSVUz3o5y7xpB1t0YtJpTMNgmwXNLTIMUCcNAOo0Cj_ZYEC7UkwaAiHWrEZ6UcuH0DfbcYDMEVMQUQtoCdrSTXgfo0PaLeNvsYf-QDbc5L_LbYCZPttkxPfOqX5RMkVyDq2ivyiSSNmkt4VJpd4_U10VwMEMKNJ9j1EYGybEdoEhSME-PA2yHt6aNCQ5Sk4OgDZ6KtQUkGK6pNC7mgxSx2qXFWJ-UnCLTqXgQdCpilOwNjt-0CU7bvcVBcT5hoh_OZTwXA9fbxA1x4vN7G9srzk0ipubvST-XSRY1BLIHj0tGXGaof4vzvnlF1-rQZWKpA-yvTvB7ODLt8Qphm6iTaTT-SlltFRtH413PXt0n94v_90O05gvsoygYpte9VVBSgvFSZUsXWVybB9QRQ8RWiRxuzrI2oOyj0bFknqUUizB546Yx-_ZWI79eUdn6bJqvWs2smoW02YIWjFc1Z73s5sqzOm7VFbRz9fpbu1czh8xfFijggfjg9JvQie_nQUYU-Wm_uMW0BfdrmIsOaorMtlnibXtQ8uupuO9Rs-19Wbtr7cxSXXoOr-aO-qrrh8BqmtBZ37Ru9ffm574faVtl1YJ3wv1sWaXmr0rBR34tysItgvMehUfnbh6ijMtoXiRzvXu-QZa5YdS3xIZxnbpmvgJ3Qii3w-oM06iVmroRzxvlWev1052rmZb3WhRWsudaZthc7Vxh0tYo205wFoZzksdWbOtjs6VnBh44I6Y-haoVig7ji2Ummgjgl6WtzXkIWRQfQ-fSOvtI8lhaFewe5aI11RR4l320BwYS8uwybch8Y33OIoFnqF-OZohvItl4YbdgiWY_Mga_MjsrJn_wOaazcX-1MwY0pO023RjkRiSQn4uwhBbmM7B3cv6ie7W_BXv9lt2cJI43xz3rr0S-03IFhfx1-tkRkQxa828U_kdjks_1VlBx9eryFuQ-hQr7yZ",
    "id_token": "eyJhbGciOiJSUzI1NiIsImtpZCI6IjFkYzBmMTcyZThkNmVmMzgyZDZkM2EyMzFmNmMxOTdkZDY4Y2U1ZWYiLCJ0eXAiOiJKV1QifQ.eyJhdWQiOiIzMjU1NTk0MDU1OS5hcHBzLmdvb2dsZXVzZXJjb250ZW50LmNvbSIsImF6cCI6IjExMjgyNDIxNzg2MjkxMDg4OTcwMCIsImV4cCI6MTczMTcyMTczOCwiaWF0IjoxNzMxNzE4MTM4LCJpc3MiOiJodHRwczovL2FjY291bnRzLmdvb2dsZS5jb20iLCJzdWIiOiIxMTI4MjQyMTc4NjI5MTA4ODk3MDAifQ.AffuZomahfJlFOy1IpSLOsl6Yrt9cxE_obyEv89ed4j6rQbbU1Ps2xSKFyDHaV_kJZWgu4rzeyoJZ0sfIJsj_CZChQ23jMEppDl9Mz5ausV4KgQB_K_D5q5b1AgWYabOUJYC142--s9dCcfGkxORbNvcCbpox7nzhDP3E-9hdjaodSQ3Pfgu_Ktebufj3Cl4lzx_WLrJl9UNB7lwqGHdvrIzlJqsPZADIxlp4kWd_6j0L9iK8AuDRjPE_iACjIUPU23RHTvUq1jvn0hh8xY355hodYlx_Iq568k7c9nhnI7xryjt_oWjGzlDIQixR6X7z0pzXo_R9kEvEm-GZzhKGQ",
    "token_expiry": "2024-11-16T01:48:36Z"
  },
  "sentinels": {
    "config_sentinel": "/home/jupyter/.config/gcloud/config_sentinel"
  }
}
2024-11-16 00:49:11,578 INFO     ___FILE_ONLY___ 

2024-11-16 00:49:11,578 DEBUG    root            SDK update checks are disabled.
