2024-11-16 17:58:30,217 DEBUG    root            Loaded Command Group: ['gcloud', 'config']
2024-11-16 17:58:30,220 DEBUG    root            Loaded Command Group: ['gcloud', 'config', 'config_helper']
2024-11-16 17:58:30,222 DEBUG    root            Running [gcloud.config.config-helper] with arguments: [--format: "json", --min-expiry: "1800"]
2024-11-16 17:58:30,237 DEBUG    root            Chosen display Format:default json
2024-11-16 17:58:30,237 INFO     root            Display format: "default json"
2024-11-16 17:58:30,253 INFO     ___FILE_ONLY___ {
  "configuration": {
    "active_configuration": "default",
    "properties": {
      "compute": {
        "region": "us-central1"
      },
      "core": {
        "account": "647641981232-compute@developer.gserviceaccount.com",
        "disable_usage_reporting": "True",
        "project": "ancient-dna-project"
      },
      "dataproc": {
        "region": "us-central1"
      }
    }
  },
  "credential": {
    "access_token": "ya29.c.c0ASRK0GbrfOBplgkBFDvwztweoI8juwiJVxiLHuioUaeecuq8JK0TNdhuOuaM3EYvMeVlb-lyIaFFqVqbNGhpZMXKl0DLie6m_ACSJedxb5YLqoEgAF6aV5IOhFljMKW2UJpA9Wd02xPQ5F4i872rgqrl9_kKG3NH1l03DZu05_q8gV6jfinWcECUmR9Bn_soTx0ox4tf3BmnqQwDGjzzV9GkTmpjSW-rlqg2TPpRpQZhlZmW-1_UWMZZRMyFGagT4FIVEYpRjkVD0tPbTjA8xrDQLnPDJKXDGgFL9DeatXDqJIHo6tkkxTQ-mhYFBM8n8UZefMMWvE9RKYaFoWUv-Q3pvB3tb1JHGRe_oYwlHPrmPlqJr1IRs19rMWAaXICIM4VAv2988rLVAiESQwNeXwE415D_-fi-qceqY3n73k5qwhqwl8uFRf3Bo6Izd284-s0Iqz3h5_MRYiUYuQf5V817Y2IM6m6M_6mXg-72JdUB-jSt0JyUd141ye2smpva_y6ZmdkWBBxf-vQWnmdQOuswrrcz6QzIxizvFcj47kxb8-8hY8ivkOoFfVqx5udVncqBUYiz9hkslZ3U091k2qOf6OtQJYsrUo-4m0M75go2yVi4BmessFqFz1x_kZskw2xokFu68kX8z3xf5zMdYzsMsVxscoJrdmO-8InoIo0e9uySlzZbqz65JlbhyrIvwdhFUzjxoQ3lB8Y8RnjqhM0f29dawuaVy0WefsWeOI66gVZwQ3poYdleIxYczzIajtFrv9phov_q4nvmntow_dYcz6kIz7a47WuhqrIcrw9gY5sFFzQm0UitMam9pS59B197mw2ZdZqbXdjYF0vVauxnMMe7z6h62rr9a4wt70adx4aW9zbvRO09__Wwbw5okfRq_7_25S68_Zt26bybuco46ZXhx7toe7B_MUi5uobo_0056I8OO4ugq94yJVtWqiSf73ktY-nxht0v5871sSwgtvxIk38ZpurvRhez-kn2I6_F9p2F-zb",
    "id_token": "eyJhbGciOiJSUzI1NiIsImtpZCI6IjFkYzBmMTcyZThkNmVmMzgyZDZkM2EyMzFmNmMxOTdkZDY4Y2U1ZWYiLCJ0eXAiOiJKV1QifQ.eyJhdWQiOiIzMjU1NTk0MDU1OS5hcHBzLmdvb2dsZXVzZXJjb250ZW50LmNvbSIsImF6cCI6IjExMjgyNDIxNzg2MjkxMDg4OTcwMCIsImV4cCI6MTczMTc4MjgzNSwiaWF0IjoxNzMxNzc5MjM1LCJpc3MiOiJodHRwczovL2FjY291bnRzLmdvb2dsZS5jb20iLCJzdWIiOiIxMTI4MjQyMTc4NjI5MTA4ODk3MDAifQ.gtgLzUSXBhIPXlRLH15nuffCVimOZGzWl-JW1B_8C6vsc1261IXZmUeSkOBK3q2dEQbbWQoOjq32yz17cKmpSJ1DzlGb-emsQ6FUD5q6KQa7GCw_VlIjLs-9qoNp9XMvudHgpO0bBwKEIQWNE1a8EKO3tcOhoS7vJC8xcyhl1E3cVyGycmQgypXlf3RfEPpyZE-OvINXQt_y17-ck3hmo0KaBjTmw6TBOtbSYGJ4PEgRqN-rB8QdWvJ5uYAz15dGlFpn1oe1UlypvM613qptCtNAa5zUlbolao9Kb6FpYunaE1VjCx64VJN8MQes0b9pQ4mYlqMCeQHnYpzPsx1qCg",
    "token_expiry": "2024-11-16T18:46:54Z"
  },
  "sentinels": {
    "config_sentinel": "/home/jupyter/.config/gcloud/config_sentinel"
  }
}
2024-11-16 17:58:30,253 INFO     ___FILE_ONLY___ 

2024-11-16 17:58:30,254 DEBUG    root            SDK update checks are disabled.
