2024-11-16 18:43:54,338 DEBUG    root            Loaded Command Group: ['gcloud', 'config']
2024-11-16 18:43:54,340 DEBUG    root            Loaded Command Group: ['gcloud', 'config', 'config_helper']
2024-11-16 18:43:54,343 DEBUG    root            Running [gcloud.config.config-helper] with arguments: [--format: "json", --min-expiry: "1800"]
2024-11-16 18:43:54,358 DEBUG    root            Chosen display Format:default json
2024-11-16 18:43:54,358 INFO     root            Display format: "default json"
2024-11-16 18:43:54,374 INFO     ___FILE_ONLY___ {
  "configuration": {
    "active_configuration": "default",
    "properties": {
      "compute": {
        "region": "us-central1"
      },
      "core": {
        "account": "647641981232-compute@developer.gserviceaccount.com",
        "disable_usage_reporting": "True",
        "project": "ancient-dna-project"
      },
      "dataproc": {
        "region": "us-central1"
      }
    }
  },
  "credential": {
    "access_token": "ya29.c.c0ASRK0GZ1wjTW16h22DR6Eja_NIt71ghLtZ2cpG_WxGynTr0-dUF3EvMac4bqmrExq3oVl5B2p6JpmmI3_V4L5vXE8Rj2P6-wbjLsJE5Q7eEfpIEQUw-8sRxeDoBWZPOBTWOmjQgZiE6iVwJ8DZrIQMegZmSC-2qgpTP_tvBwpXX4r4JC3571QhR6XMSPPnvIyVVVNM6u4k_klf6XRkz5pANXkkBQxwEf9jGdaN0ZbvfMMKB2yAmijEl4DfChUyldxRnsQh7PB5DAl6v86HDhaztvYUnJyBavYXIix59WDoh1PbdMBW7wg_qNfZXlZ1Jue4Z_3wSpckZ8YkJC6Rfx17m1hODGLWo9X6BItDxjG1AxwKTbt3SyB6Flij70b8hnaCZhMSGP0ndT9tUPK_RGkgL415Por_RsBQq_euJ-J6z92mrZFrtVBinmwOkwqfXo9XuBhdblFjuU_7pJxmigxqSe0suSc5zfWZhsnZu46OeJwttzzWsfYt0BlOljo7-UU_BmZ7j4qbfZrges3B0Iy3Q6Wbi2doj9hWbiOpSw_ba0jmRcjWxMVF6rs6tXmIkijedkd2MWyy8oiX8twqhFZYn-BR-3Z0v9hnwXwZeeuzur75vWeJ4W5Ry8158l8SXwifqU_ziIJSyr4FUgpFtq6rs6j2ihUcMQexafBgmXdalFO5mUmjotYygSgzI8rJj95MhalkbR8OMMi44ihfj5_B0rw9gOcqXpcrft85UhW6pSv8pdtdUld4Fsh9quummU1fcMbO8-MVSmao7yXcxi81qpu143RlJl_83Sgvcsk0f4y9aSh9sYy3Qd7cMkYQhg5JFZgOXUzY15_rJzl3IOj6jvyUB3vVlpIda3ymVVuFpSlpQkWelkyMSVxcy7cuM1MXiW5nw1zQyXZFgFOehOcOQZ1BX7Is7jQqB5_zuWIw0blobxQ5x8ga4FljRUOMMoO-i3IBM7_xYjvptm7Qbf9b22bcY3O5t6bkmvOWhwZ_upz9xujW3d5I0",
    "id_token": "eyJhbGciOiJSUzI1NiIsImtpZCI6IjFkYzBmMTcyZThkNmVmMzgyZDZkM2EyMzFmNmMxOTdkZDY4Y2U1ZWYiLCJ0eXAiOiJKV1QifQ.eyJhdWQiOiIzMjU1NTk0MDU1OS5hcHBzLmdvb2dsZXVzZXJjb250ZW50LmNvbSIsImF6cCI6IjExMjgyNDIxNzg2MjkxMDg4OTcwMCIsImV4cCI6MTczMTc4NTAwNSwiaWF0IjoxNzMxNzgxNDA1LCJpc3MiOiJodHRwczovL2FjY291bnRzLmdvb2dsZS5jb20iLCJzdWIiOiIxMTI4MjQyMTc4NjI5MTA4ODk3MDAifQ.ef8mmx_IWBqzHVx1fspKfBZbBrJSJ3fqQkFp32SUnHE3ORBnqiXc6gOzTpsGsUYzuid17DVJKM0aFkr3yi6HMuVst1mFDu_7nsunYX-FwyawXayphrwKnnluou-K_F1mqp9pI9klBKh1r-g_64YcRZp7GorebXfU4G9UQ-Iu70W_Dt3z1M5Fc6vDDT4AGyPNdWPYwV2fDdWBhk7GKdCwKLRiBFD_o7bt-2v0XLq2v3YWs9j6nMktvDntHOOlI0wAIqZVqVJx8gTKbwaZODzVQEzl6oWNfX3nlZtOO6q-RngKKU7ZuKBdl09nEX6DGAn_-UVtSel-u-OrQjHa4kyDDQ",
    "token_expiry": "2024-11-16T19:15:23Z"
  },
  "sentinels": {
    "config_sentinel": "/home/jupyter/.config/gcloud/config_sentinel"
  }
}
2024-11-16 18:43:54,374 INFO     ___FILE_ONLY___ 

2024-11-16 18:43:54,375 DEBUG    root            SDK update checks are disabled.
